<?xml version="1.0" encoding="UTF-8"?>
<testng-results ignored="0" total="1" passed="1" failed="0" skipped="0">
  <reporter-output>
  </reporter-output>
  <suite started-at="2024-02-22T13:52:50 ICT" name="Suite" finished-at="2024-02-22T13:53:02 ICT" duration-ms="12099">
    <groups>
      <group name="errorHandling">
        <method signature="errorValidationsTest.loginErrorValidation()[pri:0, instance:mhdnurfaizzy.Test.errorValidationsTest@5b218417]" name="loginErrorValidation" class="mhdnurfaizzy.Test.errorValidationsTest"/>
      </group> <!-- errorHandling -->
    </groups>
    <test started-at="2024-02-22T13:52:50 ICT" name="Submit Order Test" finished-at="2024-02-22T13:52:50 ICT" duration-ms="12">
    </test> <!-- Submit Order Test -->
    <test started-at="2024-02-22T13:52:50 ICT" name="Error Validations Test" finished-at="2024-02-22T13:53:02 ICT" duration-ms="12099">
      <class name="mhdnurfaizzy.Test.errorValidationsTest">
        <test-method is-config="true" signature="launchApplication()[pri:0, instance:mhdnurfaizzy.Test.errorValidationsTest@5b218417]" started-at="2024-02-22T13:52:50 ICT" name="launchApplication" finished-at="2024-02-22T13:53:01 ICT" duration-ms="11183" status="PASS">
          <reporter-output>
          </reporter-output>
        </test-method> <!-- launchApplication -->
        <test-method signature="loginErrorValidation()[pri:0, instance:mhdnurfaizzy.Test.errorValidationsTest@5b218417]" started-at="2024-02-22T13:53:01 ICT" name="loginErrorValidation" finished-at="2024-02-22T13:53:01 ICT" duration-ms="616" status="PASS">
          <reporter-output>
          </reporter-output>
        </test-method> <!-- loginErrorValidation -->
        <test-method is-config="true" signature="endTest()[pri:0, instance:mhdnurfaizzy.Test.errorValidationsTest@5b218417]" started-at="2024-02-22T13:53:01 ICT" name="endTest" finished-at="2024-02-22T13:53:02 ICT" duration-ms="260" status="PASS">
          <reporter-output>
          </reporter-output>
        </test-method> <!-- endTest -->
      </class> <!-- mhdnurfaizzy.Test.errorValidationsTest -->
    </test> <!-- Error Validations Test -->
  </suite> <!-- Suite -->
</testng-results>
