<?xml version="1.0" encoding="UTF-8"?>
<testng-results ignored="0" total="4" passed="4" failed="0" skipped="0">
  <reporter-output>
  </reporter-output>
  <suite started-at="2024-02-22T11:28:14 ICT" name="Suite" finished-at="2024-02-22T11:28:46 ICT" duration-ms="31610">
    <groups>
    </groups>
    <test started-at="2024-02-22T11:28:14 ICT" name="Error Validations Test" finished-at="2024-02-22T11:28:42 ICT" duration-ms="27146">
      <class name="mhdnurfaizzy.Test.errorValidationsTest">
        <test-method is-config="true" signature="launchApplication()[pri:0, instance:mhdnurfaizzy.Test.errorValidationsTest@33bc72d1]" started-at="2024-02-22T11:28:15 ICT" name="launchApplication" finished-at="2024-02-22T11:28:26 ICT" duration-ms="11600" status="PASS">
          <reporter-output>
          </reporter-output>
        </test-method> <!-- launchApplication -->
        <test-method signature="loginErrorValidation()[pri:0, instance:mhdnurfaizzy.Test.errorValidationsTest@33bc72d1]" started-at="2024-02-22T11:28:26 ICT" name="loginErrorValidation" finished-at="2024-02-22T11:28:27 ICT" duration-ms="849" status="PASS">
          <reporter-output>
          </reporter-output>
        </test-method> <!-- loginErrorValidation -->
        <test-method is-config="true" signature="endTest()[pri:0, instance:mhdnurfaizzy.Test.errorValidationsTest@33bc72d1]" started-at="2024-02-22T11:28:27 ICT" name="endTest" finished-at="2024-02-22T11:28:27 ICT" duration-ms="362" status="PASS">
          <reporter-output>
          </reporter-output>
        </test-method> <!-- endTest -->
        <test-method is-config="true" signature="launchApplication()[pri:0, instance:mhdnurfaizzy.Test.errorValidationsTest@33bc72d1]" started-at="2024-02-22T11:28:27 ICT" name="launchApplication" finished-at="2024-02-22T11:28:35 ICT" duration-ms="8134" status="PASS">
          <reporter-output>
          </reporter-output>
        </test-method> <!-- launchApplication -->
        <test-method signature="productErrorValidation()[pri:0, instance:mhdnurfaizzy.Test.errorValidationsTest@33bc72d1]" started-at="2024-02-22T11:28:35 ICT" name="productErrorValidation" finished-at="2024-02-22T11:28:41 ICT" duration-ms="5793" status="PASS">
          <reporter-output>
          </reporter-output>
        </test-method> <!-- productErrorValidation -->
        <test-method is-config="true" signature="endTest()[pri:0, instance:mhdnurfaizzy.Test.errorValidationsTest@33bc72d1]" started-at="2024-02-22T11:28:41 ICT" name="endTest" finished-at="2024-02-22T11:28:42 ICT" duration-ms="362" status="PASS">
          <reporter-output>
          </reporter-output>
        </test-method> <!-- endTest -->
      </class> <!-- mhdnurfaizzy.Test.errorValidationsTest -->
    </test> <!-- Error Validations Test -->
    <test started-at="2024-02-22T11:28:14 ICT" name="Submit Order Test" finished-at="2024-02-22T11:28:46 ICT" duration-ms="31610">
      <class name="mhdnurfaizzy.Test.e2eTest">
        <test-method is-config="true" signature="launchApplication()[pri:0, instance:mhdnurfaizzy.Test.e2eTest@3012646b]" started-at="2024-02-22T11:28:15 ICT" name="launchApplication" finished-at="2024-02-22T11:28:23 ICT" duration-ms="8243" status="PASS">
          <reporter-output>
          </reporter-output>
        </test-method> <!-- launchApplication -->
        <test-method signature="submitOrder()[pri:0, instance:mhdnurfaizzy.Test.e2eTest@3012646b]" started-at="2024-02-22T11:28:23 ICT" name="submitOrder" finished-at="2024-02-22T11:28:34 ICT" duration-ms="11169" status="PASS">
          <reporter-output>
          </reporter-output>
        </test-method> <!-- submitOrder -->
        <test-method is-config="true" signature="endTest()[pri:0, instance:mhdnurfaizzy.Test.e2eTest@3012646b]" started-at="2024-02-22T11:28:34 ICT" name="endTest" finished-at="2024-02-22T11:28:34 ICT" duration-ms="406" status="PASS">
          <reporter-output>
          </reporter-output>
        </test-method> <!-- endTest -->
        <test-method is-config="true" signature="launchApplication()[pri:0, instance:mhdnurfaizzy.Test.e2eTest@3012646b]" started-at="2024-02-22T11:28:34 ICT" name="launchApplication" finished-at="2024-02-22T11:28:44 ICT" duration-ms="9717" status="PASS">
          <reporter-output>
          </reporter-output>
        </test-method> <!-- launchApplication -->
        <test-method signature="ordersHistoryTest()[pri:0, instance:mhdnurfaizzy.Test.e2eTest@3012646b]" started-at="2024-02-22T11:28:44 ICT" name="ordersHistoryTest" finished-at="2024-02-22T11:28:46 ICT" depends-on-methods="mhdnurfaizzy.Test.e2eTest.submitOrder" duration-ms="1499" status="PASS">
          <reporter-output>
          </reporter-output>
        </test-method> <!-- ordersHistoryTest -->
        <test-method is-config="true" signature="endTest()[pri:0, instance:mhdnurfaizzy.Test.e2eTest@3012646b]" started-at="2024-02-22T11:28:46 ICT" name="endTest" finished-at="2024-02-22T11:28:46 ICT" duration-ms="525" status="PASS">
          <reporter-output>
          </reporter-output>
        </test-method> <!-- endTest -->
      </class> <!-- mhdnurfaizzy.Test.e2eTest -->
    </test> <!-- Submit Order Test -->
  </suite> <!-- Suite -->
</testng-results>
