<?xml version="1.0" encoding="UTF-8"?>
<!-- Generated by org.testng.reporters.JUnitXMLReporter -->
<testsuite ignored="2" hostname="CTAS-Laptop076" failures="0" tests="0" time="0.009" errors="0" timestamp="2024-02-23T10:49:21 ICT">
  <testcase classname="mhdnurfaizzy.Test.errorValidationsTest" name="loginErrorValidation" time="0.0">
    <ignored/>
  </testcase> <!-- loginErrorValidation -->
  <testcase classname="mhdnurfaizzy.Test.errorValidationsTest" name="productErrorValidation" time="0.0">
    <ignored/>
  </testcase> <!-- productErrorValidation -->
</testsuite>
