<?xml version="1.0" encoding="UTF-8"?>
<!-- Generated by org.testng.reporters.JUnitXMLReporter -->
<testsuite ignored="0" hostname="CTAS-Laptop076" failures="0" tests="2" name="Error Validations Test" time="17.781" errors="0" timestamp="2024-02-22T10:40:18 ICT">
  <testcase classname="mhdnurfaizzy.Test.errorValidationsTest" name="loginErrorValidation" time="0.638"/>
  <testcase classname="mhdnurfaizzy.Test.errorValidationsTest" name="productErrorValidation" time="2.988"/>
</testsuite> <!-- Error Validations Test -->
