<?xml version="1.0" encoding="UTF-8"?>
<!-- Generated by org.testng.reporters.JUnitXMLReporter -->
<testsuite ignored="2" hostname="CTAS-Laptop076" failures="0" tests="0" time="0.012" errors="0" timestamp="2024-02-22T13:52:50 ICT">
  <testcase classname="mhdnurfaizzy.Test.e2eTest" name="submitOrder" time="0.0">
    <ignored/>
  </testcase> <!-- submitOrder -->
  <testcase classname="mhdnurfaizzy.Test.e2eTest" name="ordersHistoryTest" time="0.0">
    <ignored/>
  </testcase> <!-- ordersHistoryTest -->
</testsuite>
